  minesweeper-text.c
C:\Users\ZBOOK\Documents\minesweeper-text\minesweeper-text.c(52,11): warning C4013: 'time' non défini(e) ; extern retournant int pris par défaut
C:\Users\ZBOOK\Documents\minesweeper-text\minesweeper-text.c(91,28): warning C4477: 'printf' : la chaîne de format '%s' nécessite un argument de type 'char *', mais l'argument variadique 1 est de type 'char **'
C:\Users\ZBOOK\Documents\minesweeper-text\minesweeper-text.c(92,39): warning C4047: 'fonction' : les niveaux d'indirection de 'char *' et de 'char *[100]' sont différents
C:\Users\ZBOOK\Documents\minesweeper-text\minesweeper-text.c(92,30): warning C4024: 'strcpy_s' : types différents pour le paramètre formel et réel 1
C:\Users\ZBOOK\Documents\minesweeper-text\minesweeper-text.c(99,28): warning C4477: 'printf' : la chaîne de format '%s' nécessite un argument de type 'char *', mais l'argument variadique 1 est de type 'char **'
C:\Users\ZBOOK\Documents\minesweeper-text\minesweeper-text.c(100,39): warning C4047: 'fonction' : les niveaux d'indirection de 'char *' et de 'char *[100]' sont différents
C:\Users\ZBOOK\Documents\minesweeper-text\minesweeper-text.c(100,30): warning C4024: 'strcpy_s' : types différents pour le paramètre formel et réel 1
C:\Users\ZBOOK\Documents\minesweeper-text\minesweeper-text.c(107,28): warning C4477: 'printf' : la chaîne de format '%s' nécessite un argument de type 'char *', mais l'argument variadique 1 est de type 'char **'
C:\Users\ZBOOK\Documents\minesweeper-text\minesweeper-text.c(108,39): warning C4047: 'fonction' : les niveaux d'indirection de 'char *' et de 'char *[100]' sont différents
C:\Users\ZBOOK\Documents\minesweeper-text\minesweeper-text.c(108,30): warning C4024: 'strcpy_s' : types différents pour le paramètre formel et réel 1
C:\Users\ZBOOK\Documents\minesweeper-text\minesweeper-text.c(144,24): warning C4477: 'printf' : la chaîne de format '%s' nécessite un argument de type 'char *', mais l'argument variadique 1 est de type 'char **'
C:\Users\ZBOOK\Documents\minesweeper-text\minesweeper-text.c(145,35): warning C4047: 'fonction' : les niveaux d'indirection de 'char *' et de 'char *[100]' sont différents
C:\Users\ZBOOK\Documents\minesweeper-text\minesweeper-text.c(145,26): warning C4024: 'strcpy_s' : types différents pour le paramètre formel et réel 1
C:\Users\ZBOOK\Documents\minesweeper-text\minesweeper-text.c(155,28): warning C4477: 'printf' : la chaîne de format '%s' nécessite un argument de type 'char *', mais l'argument variadique 1 est de type 'char **'
C:\Users\ZBOOK\Documents\minesweeper-text\minesweeper-text.c(156,39): warning C4047: 'fonction' : les niveaux d'indirection de 'char *' et de 'char *[100]' sont différents
C:\Users\ZBOOK\Documents\minesweeper-text\minesweeper-text.c(156,30): warning C4024: 'strcpy_s' : types différents pour le paramètre formel et réel 1
C:\Users\ZBOOK\Documents\minesweeper-text\minesweeper-text.c(162,28): warning C4477: 'printf' : la chaîne de format '%s' nécessite un argument de type 'char *', mais l'argument variadique 1 est de type 'char **'
C:\Users\ZBOOK\Documents\minesweeper-text\minesweeper-text.c(163,39): warning C4047: 'fonction' : les niveaux d'indirection de 'char *' et de 'char *[100]' sont différents
C:\Users\ZBOOK\Documents\minesweeper-text\minesweeper-text.c(163,30): warning C4024: 'strcpy_s' : types différents pour le paramètre formel et réel 1
C:\Users\ZBOOK\Documents\minesweeper-text\minesweeper-text.c(171,28): warning C4477: 'printf' : la chaîne de format '%s' nécessite un argument de type 'char *', mais l'argument variadique 1 est de type 'char **'
C:\Users\ZBOOK\Documents\minesweeper-text\minesweeper-text.c(172,39): warning C4047: 'fonction' : les niveaux d'indirection de 'char *' et de 'char *[100]' sont différents
C:\Users\ZBOOK\Documents\minesweeper-text\minesweeper-text.c(172,30): warning C4024: 'strcpy_s' : types différents pour le paramètre formel et réel 1
C:\Users\ZBOOK\Documents\minesweeper-text\minesweeper-text.c(174,60): warning C4267: 'fonction' : conversion de 'size_t' en 'int', perte possible de données
C:\Users\ZBOOK\Documents\minesweeper-text\minesweeper-text.c(39,10): warning C4101: 'query' : variable locale non référencée
C:\Users\ZBOOK\Documents\minesweeper-text\minesweeper-text.c(227,16): warning C4477: 'printf' : la chaîne de format '%s' nécessite un argument de type 'char *', mais l'argument variadique 1 est de type 'char **'
C:\Users\ZBOOK\Documents\minesweeper-text\minesweeper-text.c(228,27): warning C4047: 'fonction' : les niveaux d'indirection de 'char *' et de 'char *[100]' sont différents
C:\Users\ZBOOK\Documents\minesweeper-text\minesweeper-text.c(228,18): warning C4024: 'strcpy_s' : types différents pour le paramètre formel et réel 1
C:\Users\ZBOOK\Documents\minesweeper-text\minesweeper-text.c(244,12): warning C4101: 'y' : variable locale non référencée
C:\Users\ZBOOK\Documents\minesweeper-text\minesweeper-text.c(244,9): warning C4101: 'x' : variable locale non référencée
C:\Users\ZBOOK\Documents\minesweeper-text\minesweeper-text.c(463,27): warning C4047: 'fonction' : les niveaux d'indirection de 'char *' et de 'char *[100]' sont différents
C:\Users\ZBOOK\Documents\minesweeper-text\minesweeper-text.c(463,18): warning C4024: 'strcpy_s' : types différents pour le paramètre formel et réel 1
C:\Users\ZBOOK\Documents\minesweeper-text\minesweeper-text.c(473,31): warning C4047: 'fonction' : les niveaux d'indirection de 'char *' et de 'char *[100]' sont différents
C:\Users\ZBOOK\Documents\minesweeper-text\minesweeper-text.c(473,22): warning C4024: 'strcpy_s' : types différents pour le paramètre formel et réel 1
C:\Users\ZBOOK\Documents\minesweeper-text\minesweeper-text.c(493,31): warning C4047: 'fonction' : les niveaux d'indirection de 'char *' et de 'char *[100]' sont différents
C:\Users\ZBOOK\Documents\minesweeper-text\minesweeper-text.c(493,22): warning C4024: 'strcpy_s' : types différents pour le paramètre formel et réel 1
C:\Users\ZBOOK\Documents\minesweeper-text\minesweeper-text.c(519,35): warning C4047: 'fonction' : les niveaux d'indirection de 'char *' et de 'char *[100]' sont différents
C:\Users\ZBOOK\Documents\minesweeper-text\minesweeper-text.c(519,26): warning C4024: 'strcpy_s' : types différents pour le paramètre formel et réel 1
C:\Users\ZBOOK\Documents\minesweeper-text\minesweeper-text.c(612,27): warning C4047: 'fonction' : les niveaux d'indirection de 'char *' et de 'char *[100]' sont différents
C:\Users\ZBOOK\Documents\minesweeper-text\minesweeper-text.c(612,18): warning C4024: 'strcpy_s' : types différents pour le paramètre formel et réel 1
C:\Users\ZBOOK\Documents\minesweeper-text\minesweeper-text.c(621,31): warning C4047: 'fonction' : les niveaux d'indirection de 'char *' et de 'char *[100]' sont différents
C:\Users\ZBOOK\Documents\minesweeper-text\minesweeper-text.c(621,22): warning C4024: 'strcpy_s' : types différents pour le paramètre formel et réel 1
C:\Users\ZBOOK\Documents\minesweeper-text\minesweeper-text.c(629,27): warning C4047: 'fonction' : les niveaux d'indirection de 'char *' et de 'char *[100]' sont différents
C:\Users\ZBOOK\Documents\minesweeper-text\minesweeper-text.c(629,18): warning C4024: 'strcpy_s' : types différents pour le paramètre formel et réel 1
C:\Users\ZBOOK\Documents\minesweeper-text\minesweeper-text.c(646,27): warning C4047: 'fonction' : les niveaux d'indirection de 'char *' et de 'char *[100]' sont différents
C:\Users\ZBOOK\Documents\minesweeper-text\minesweeper-text.c(646,18): warning C4024: 'strcpy_s' : types différents pour le paramètre formel et réel 1
C:\Users\ZBOOK\Documents\minesweeper-text\minesweeper-text.c(660,23): warning C4047: 'fonction' : les niveaux d'indirection de 'char *' et de 'char *[100]' sont différents
C:\Users\ZBOOK\Documents\minesweeper-text\minesweeper-text.c(660,14): warning C4024: 'strcpy_s' : types différents pour le paramètre formel et réel 1
  minesweeper-text.vcxproj -> C:\Users\ZBOOK\Documents\minesweeper-text\x64\Debug\minesweeper-text.exe
